<?xml version="1.0" encoding="UTF-8"?>
<testsuite name="com.evermint.exchange.ExchangeApplicationTests" tests="1" skipped="0" failures="0" errors="0" timestamp="2019-01-07T19:45:33" hostname="MN-C02QR3AEFVH5" time="0.517">
  <properties/>
  <testcase name="contextLoads" classname="com.evermint.exchange.ExchangeApplicationTests" time="0.517"/>
  <system-out><![CDATA[12:45:26.809 [Test worker] DEBUG org.springframework.test.context.junit4.SpringJUnit4ClassRunner - SpringJUnit4ClassRunner constructor called with [class com.evermint.exchange.ExchangeApplicationTests]
12:45:26.820 [Test worker] DEBUG org.springframework.test.context.BootstrapUtils - Instantiating CacheAwareContextLoaderDelegate from class [org.springframework.test.context.cache.DefaultCacheAwareContextLoaderDelegate]
12:45:26.830 [Test worker] DEBUG org.springframework.test.context.BootstrapUtils - Instantiating BootstrapContext using constructor [public org.springframework.test.context.support.DefaultBootstrapContext(java.lang.Class,org.springframework.test.context.CacheAwareContextLoaderDelegate)]
12:45:26.869 [Test worker] DEBUG org.springframework.test.context.BootstrapUtils - Instantiating TestContextBootstrapper for test class [com.evermint.exchange.ExchangeApplicationTests] from class [org.springframework.boot.test.context.SpringBootTestContextBootstrapper]
12:45:26.895 [Test worker] INFO org.springframework.boot.test.context.SpringBootTestContextBootstrapper - Neither @ContextConfiguration nor @ContextHierarchy found for test class [com.evermint.exchange.ExchangeApplicationTests], using SpringBootContextLoader
12:45:26.900 [Test worker] DEBUG org.springframework.test.context.support.AbstractContextLoader - Did not detect default resource location for test class [com.evermint.exchange.ExchangeApplicationTests]: class path resource [com/evermint/exchange/ExchangeApplicationTests-context.xml] does not exist
12:45:26.902 [Test worker] DEBUG org.springframework.test.context.support.AbstractContextLoader - Did not detect default resource location for test class [com.evermint.exchange.ExchangeApplicationTests]: class path resource [com/evermint/exchange/ExchangeApplicationTestsContext.groovy] does not exist
12:45:26.902 [Test worker] INFO org.springframework.test.context.support.AbstractContextLoader - Could not detect default resource locations for test class [com.evermint.exchange.ExchangeApplicationTests]: no resource found for suffixes {-context.xml, Context.groovy}.
12:45:26.904 [Test worker] INFO org.springframework.test.context.support.AnnotationConfigContextLoaderUtils - Could not detect default configuration classes for test class [com.evermint.exchange.ExchangeApplicationTests]: ExchangeApplicationTests does not declare any static, non-private, non-final, nested classes annotated with @Configuration.
12:45:26.969 [Test worker] DEBUG org.springframework.test.context.support.ActiveProfilesUtils - Could not find an 'annotation declaring class' for annotation type [org.springframework.test.context.ActiveProfiles] and class [com.evermint.exchange.ExchangeApplicationTests]
12:45:27.048 [Test worker] DEBUG org.springframework.context.annotation.ClassPathScanningCandidateComponentProvider - Identified candidate component class: file [/Users/sandboxdoc/Source/evermint-exchange/build/classes/java/main/com/evermint/exchange/ExchangeApplication.class]
12:45:27.051 [Test worker] INFO org.springframework.boot.test.context.SpringBootTestContextBootstrapper - Found @SpringBootConfiguration com.evermint.exchange.ExchangeApplication for test class com.evermint.exchange.ExchangeApplicationTests
12:45:27.197 [Test worker] DEBUG org.springframework.boot.test.context.SpringBootTestContextBootstrapper - @TestExecutionListeners is not present for class [com.evermint.exchange.ExchangeApplicationTests]: using defaults.
12:45:27.199 [Test worker] INFO org.springframework.boot.test.context.SpringBootTestContextBootstrapper - Loaded default TestExecutionListener class names from location [META-INF/spring.factories]: [org.springframework.security.test.context.support.WithSecurityContextTestExecutionListener, org.springframework.security.test.context.support.ReactorContextTestExecutionListener, org.springframework.boot.test.autoconfigure.restdocs.RestDocsTestExecutionListener, org.springframework.boot.test.autoconfigure.web.client.MockRestServiceServerResetTestExecutionListener, org.springframework.boot.test.autoconfigure.web.servlet.MockMvcPrintOnlyOnFailureTestExecutionListener, org.springframework.boot.test.autoconfigure.web.servlet.WebDriverTestExecutionListener, org.springframework.boot.test.mock.mockito.MockitoTestExecutionListener, org.springframework.boot.test.mock.mockito.ResetMocksTestExecutionListener, org.springframework.test.context.web.ServletTestExecutionListener, org.springframework.test.context.support.DirtiesContextBeforeModesTestExecutionListener, org.springframework.test.context.support.DependencyInjectionTestExecutionListener, org.springframework.test.context.support.DirtiesContextTestExecutionListener, org.springframework.test.context.transaction.TransactionalTestExecutionListener, org.springframework.test.context.jdbc.SqlScriptsTestExecutionListener]
12:45:27.225 [Test worker] INFO org.springframework.boot.test.context.SpringBootTestContextBootstrapper - Using TestExecutionListeners: [org.springframework.test.context.web.ServletTestExecutionListener@79be7e57, org.springframework.test.context.support.DirtiesContextBeforeModesTestExecutionListener@8ef9055, org.springframework.boot.test.mock.mockito.MockitoTestExecutionListener@76044398, org.springframework.boot.test.autoconfigure.SpringBootDependencyInjectionTestExecutionListener@148a21f2, org.springframework.test.context.support.DirtiesContextTestExecutionListener@1ecca9f2, org.springframework.test.context.transaction.TransactionalTestExecutionListener@6ad5ff46, org.springframework.test.context.jdbc.SqlScriptsTestExecutionListener@3e196907, org.springframework.security.test.context.support.WithSecurityContextTestExecutionListener@7bd94a87, org.springframework.security.test.context.support.ReactorContextTestExecutionListener@21ef37, org.springframework.boot.test.autoconfigure.restdocs.RestDocsTestExecutionListener@45cb1fba, org.springframework.boot.test.autoconfigure.web.client.MockRestServiceServerResetTestExecutionListener@30ef1755, org.springframework.boot.test.autoconfigure.web.servlet.MockMvcPrintOnlyOnFailureTestExecutionListener@153eebd, org.springframework.boot.test.autoconfigure.web.servlet.WebDriverTestExecutionListener@e84e1f7, org.springframework.boot.test.mock.mockito.ResetMocksTestExecutionListener@13af0952]
12:45:27.230 [Test worker] DEBUG org.springframework.test.annotation.ProfileValueUtils - Retrieved @ProfileValueSourceConfiguration [null] for test class [com.evermint.exchange.ExchangeApplicationTests]
12:45:27.231 [Test worker] DEBUG org.springframework.test.annotation.ProfileValueUtils - Retrieved ProfileValueSource type [class org.springframework.test.annotation.SystemProfileValueSource] for class [com.evermint.exchange.ExchangeApplicationTests]
12:45:27.233 [Test worker] DEBUG org.springframework.test.annotation.ProfileValueUtils - Retrieved @ProfileValueSourceConfiguration [null] for test class [com.evermint.exchange.ExchangeApplicationTests]
12:45:27.233 [Test worker] DEBUG org.springframework.test.annotation.ProfileValueUtils - Retrieved ProfileValueSource type [class org.springframework.test.annotation.SystemProfileValueSource] for class [com.evermint.exchange.ExchangeApplicationTests]
12:45:27.243 [Test worker] DEBUG org.springframework.test.context.support.AbstractDirtiesContextTestExecutionListener - Before test class: context [DefaultTestContext@1e939d1f testClass = ExchangeApplicationTests, testInstance = [null], testMethod = [null], testException = [null], mergedContextConfiguration = [WebMergedContextConfiguration@3ea3fedc testClass = ExchangeApplicationTests, locations = '{}', classes = '{class com.evermint.exchange.ExchangeApplication}', contextInitializerClasses = '[]', activeProfiles = '{}', propertySourceLocations = '{}', propertySourceProperties = '{org.springframework.boot.test.context.SpringBootTestContextBootstrapper=true}', contextCustomizers = set[org.springframework.boot.test.autoconfigure.properties.PropertyMappingContextCustomizer@0, org.springframework.boot.test.autoconfigure.web.servlet.WebDriverContextCustomizerFactory$Customizer@13ac4f73, org.springframework.boot.test.context.filter.ExcludeFilterContextCustomizer@700a28e6, org.springframework.boot.test.json.DuplicateJsonObjectContextCustomizerFactory$DuplicateJsonObjectContextCustomizer@4b9879e5, org.springframework.boot.test.mock.mockito.MockitoContextCustomizer@0, org.springframework.boot.test.web.client.TestRestTemplateContextCustomizer@35ca1de7, org.springframework.boot.test.web.reactive.server.WebTestClientContextCustomizer@6471bd26], resourceBasePath = 'src/main/webapp', contextLoader = 'org.springframework.boot.test.context.SpringBootContextLoader', parent = [null]], attributes = map['org.springframework.test.context.web.ServletTestExecutionListener.activateListener' -> true]], class annotated with @DirtiesContext [false] with mode [null].
12:45:27.246 [Test worker] DEBUG org.springframework.test.annotation.ProfileValueUtils - Retrieved @ProfileValueSourceConfiguration [null] for test class [com.evermint.exchange.ExchangeApplicationTests]
12:45:27.246 [Test worker] DEBUG org.springframework.test.annotation.ProfileValueUtils - Retrieved ProfileValueSource type [class org.springframework.test.annotation.SystemProfileValueSource] for class [com.evermint.exchange.ExchangeApplicationTests]
12:45:27.273 [Test worker] DEBUG org.springframework.test.context.support.TestPropertySourceUtils - Adding inlined properties to environment: {spring.jmx.enabled=false, org.springframework.boot.test.context.SpringBootTestContextBootstrapper=true, server.port=-1}

  .   ____          _            __ _ _
 /\\ / ___'_ __ _ _(_)_ __  __ _ \ \ \ \
( ( )\___ | '_ | '_| | '_ \/ _` | \ \ \ \
 \\/  ___)| |_)| | | | | || (_| |  ) ) ) )
  '  |____| .__|_| |_|_| |_\__, | / / / /
 =========|_|==============|___/=/_/_/_/
 :: Spring Boot ::        (v2.1.1.RELEASE)

2019-01-07 12:45:28.661  INFO 38228 --- [    Test worker] c.e.exchange.ExchangeApplicationTests    : Starting ExchangeApplicationTests on MN-C02QR3AEFVH5 with PID 38228 (started by sandboxdoc in /Users/sandboxdoc/Source/evermint-exchange)
2019-01-07 12:45:28.663  INFO 38228 --- [    Test worker] c.e.exchange.ExchangeApplicationTests    : No active profile set, falling back to default profiles: default
2019-01-07 12:45:31.754  INFO 38228 --- [    Test worker] o.s.s.concurrent.ThreadPoolTaskExecutor  : Initializing ExecutorService 'applicationTaskExecutor'
2019-01-07 12:45:32.931  INFO 38228 --- [    Test worker] o.s.b.a.e.web.EndpointLinksResolver      : Exposing 2 endpoint(s) beneath base path '/actuator'
2019-01-07 12:45:33.358  INFO 38228 --- [    Test worker] c.e.exchange.ExchangeApplicationTests    : Started ExchangeApplicationTests in 6.07 seconds (JVM running for 7.556)
]]></system-out>
  <system-err><![CDATA[]]></system-err>
</testsuite>
